<?xml version="1.0" encoding="UTF-8"?>
<testng-results total="1" passed="1" failed="0" skipped="0">
  <reporter-output>
  </reporter-output>
  <suite started-at="2021-02-04T12:23:02Z" name="Suite" finished-at="2021-02-04T12:30:04Z" duration-ms="422065">
    <groups>
    </groups>
    <test started-at="2021-02-04T12:23:02Z" name="testElephant" finished-at="2021-02-04T12:30:04Z" duration-ms="422065">
      <class name="testElephant.TC_Elephant">
        <test-method is-config="true" signature="openBrowser()[pri:0, instance:testElephant.TC_Elephant@2f54a33d]" started-at="2021-02-04T17:53:02Z" name="openBrowser" finished-at="2021-02-04T17:53:02Z" duration-ms="78" status="PASS">
          <reporter-output>
          </reporter-output>
        </test-method> <!-- openBrowser -->
        <test-method signature="TC009(java.lang.String)[pri:5, instance:testElephant.TC_Elephant@2f54a33d]" started-at="2021-02-04T17:53:02Z" name="TC009" description="V2_D2_IN" finished-at="2021-02-04T18:00:04Z" duration-ms="422051" status="PASS">
          <params>
            <param index="0">
              <value>
                <![CDATA[QA6]]>
              </value>
            </param>
          </params>
          <reporter-output>
          </reporter-output>
        </test-method> <!-- TC009 -->
      </class> <!-- testElephant.TC_Elephant -->
    </test> <!-- testElephant -->
  </suite> <!-- Suite -->
</testng-results>
