<?xml version="1.0" encoding="UTF-8"?>
<testng-results skipped="0" failed="0" total="1" passed="1">
  <reporter-output>
  </reporter-output>
  <suite name="Suite" duration-ms="481253" started-at="2021-03-10T16:34:47Z" finished-at="2021-03-10T16:42:48Z">
    <groups>
    </groups>
    <test name="testApparent" duration-ms="481253" started-at="2021-03-10T16:34:47Z" finished-at="2021-03-10T16:42:48Z">
      <class name="testApparent.TC_Regression">
        <test-method status="PASS" signature="openBrowser()[pri:0, instance:testApparent.TC_Regression@271053e1]" name="openBrowser" is-config="true" duration-ms="102" started-at="2021-03-10T22:04:47Z" finished-at="2021-03-10T22:04:47Z">
          <reporter-output>
          </reporter-output>
        </test-method> <!-- openBrowser -->
        <test-method status="PASS" signature="TC021(java.lang.String)[pri:5, instance:testApparent.TC_Regression@271053e1]" name="TC021" duration-ms="481220" started-at="2021-03-10T22:04:47Z" description="V1_D1_21_CustomCoverage" finished-at="2021-03-10T22:12:48Z">
          <params>
            <param index="0">
              <value>
                <![CDATA[QA5]]>
              </value>
            </param>
          </params>
          <reporter-output>
          </reporter-output>
        </test-method> <!-- TC021 -->
      </class> <!-- testApparent.TC_Regression -->
    </test> <!-- testApparent -->
  </suite> <!-- Suite -->
</testng-results>
